<?xml version="1.0" encoding="UTF-8"?>
<testng-results ignored="0" total="1" passed="1" failed="0" skipped="0">
  <reporter-output>
  </reporter-output>
  <suite started-at="2024-06-29T20:09:58 IST" name="Default suite" finished-at="2024-06-29T20:10:40 IST" duration-ms="41717">
    <groups>
    </groups>
    <test started-at="2024-06-29T20:09:58 IST" name="Default test" finished-at="2024-06-29T20:10:40 IST" duration-ms="41717">
      <class name="testSwitch.testCase">
        <test-method is-config="true" signature="lg()[pri:0, instance:testSwitch.testCase@4d5650ae]" started-at="2024-06-29T20:09:58 IST" name="lg" finished-at="2024-06-29T20:10:17 IST" duration-ms="18895" status="PASS">
          <reporter-output>
          </reporter-output>
        </test-method> <!-- lg -->
        <test-method signature="login()[pri:0, instance:testSwitch.testCase@4d5650ae]" started-at="2024-06-29T20:10:17 IST" name="login" finished-at="2024-06-29T20:10:40 IST" duration-ms="22761" status="PASS">
          <reporter-output>
          </reporter-output>
        </test-method> <!-- login -->
      </class> <!-- testSwitch.testCase -->
    </test> <!-- Default test -->
  </suite> <!-- Default suite -->
</testng-results>
